<?xml version="1.0" encoding="UTF-8"?>
<!-- Generated by org.testng.reporters.JUnitXMLReporter -->
<testsuite ignored="0" hostname="DESKTOP-PLIMPO2" failures="0" tests="5" name="Default test" time="2.55" errors="0" timestamp="21 Mar 2022 10:07:08 GMT">
  <testcase classname="newRestApi.NewRestAPI.newApiClass" name="postMethod" time="2.305"/>
  <testcase classname="newRestApi.NewRestAPI.newApiClass" name="putMethod" time="0.061"/>
  <testcase classname="newRestApi.NewRestAPI.newApiClass" name="deleteMethod" time="0.044"/>
  <testcase classname="newRestApi.NewRestAPI.newApiClass" name="logInMethod" time="0.052"/>
  <testcase classname="newRestApi.NewRestAPI.newApiClass" name="logOutMethod" time="0.061"/>
</testsuite> <!-- Default test -->
